06/12 21:35:46 INFO file.FileDatabase|infodb: database opened as C:\Users\inbre\Documents\Southampton\IntelligentAgents\gitRepo\IntAgtsNAMM\AdXServer\infodb
06/12 21:35:46 INFO common.BlockingViewerServer|viewer server started at *:4042
06/12 21:35:47 INFO sim.Admin|adding manager for simulation type tac13adx
06/12 21:35:47 INFO server.TACTGateway|TACT Server started at *:6502
06/12 21:35:48 INFO server.TACTChannel|user namm logged in as namm@tact-1 with version 0.9.6 from 127.0.0.1
06/12 21:35:48 INFO sim.Admin|created simulation 328
06/12 21:36:00 FINE sim.Admin|Entering log for simulation 328
************************************************************
* Entering log for simulation 328
************************************************************


06/12 21:46:00 INFO is.TACAAResultManager|generating results for simulation 328 to public_html\localhost\history\328\index.html
06/12 21:47:00 FINE sim.Admin|Entering log for simulation 329
************************************************************
* Entering log for simulation 329
************************************************************


06/12 21:57:00 INFO sim.Admin|created simulation 330
06/12 21:57:01 INFO is.TACAAResultManager|generating results for simulation 329 to public_html\localhost\history\329\index.html
06/12 21:58:00 FINE sim.Admin|Entering log for simulation 330
************************************************************
* Entering log for simulation 330
************************************************************


06/12 22:08:00 INFO sim.Admin|created simulation 331
06/12 22:08:00 INFO is.TACAAResultManager|generating results for simulation 330 to public_html\localhost\history\330\index.html
06/12 22:09:00 FINE sim.Admin|Entering log for simulation 331
************************************************************
* Entering log for simulation 331
************************************************************


